{"type":"server-started","port":49420,"host":"127.0.0.1","url_host":"localhost","url":"http://localhost:49420","screen_dir":"/Users/cds-dn-181/Documents/boke-github/.superpowers/brainstorm/46941-1776752372/content","state_dir":"/Users/cds-dn-181/Documents/boke-github/.superpowers/brainstorm/46941-1776752372/state"}
{"type":"screen-added","file":"/Users/cds-dn-181/Documents/boke-github/.superpowers/brainstorm/46941-1776752372/content/visual-style.html"}
{"source":"user-event","type":"click","text":"myblog.dev\n      \n      ▍ 深色极客风\n      \n        async function learn() {\n          await read(article);\n          streak.increment();\n        }\n      \n      \n        🔥 7天连续\n        ✓ 已学习 12\n      \n    \n    \n      A · 深色极客\n      黑底代码感，terminal 风格，适合程序员气质","choice":"a","id":null,"timestamp":1776753720056}
{"source":"user-event","type":"click","text":"Tech Notes\n        \n          文章\n          Agent\n          打卡\n        \n      \n      \n        React 18 并发特性详解\n        2026-04-18 · 8 min read\n        \n          React\n          已打卡 ✓\n        \n      \n      \n        \n          7\n          连续天数\n        \n        \n          3.2h\n          今日时长\n        \n      \n    \n    \n      B · 简洁明亮\n      白底卡片式，清爽现代，阅读体验优先","choice":"b","id":null,"timestamp":1776753721056}
{"source":"user-event","type":"click","text":"⚡ My Dev Blog\n        AI Agent ●\n      \n      \n        TypeScript 类型体操进阶\n        今日推荐 · 12 min\n        \n          \n        \n      \n      \n        \n          🔥\n          7\n          streak\n        \n        \n          ⏱\n          3.2h\n          今日\n        \n        \n          ✅\n          12\n          已学\n        \n      \n    \n    \n      C · 渐变紫科技\n      深紫渐变，有质感，科技感与个性兼备","choice":"c","id":null,"timestamp":1776753721754}
{"type":"screen-added","file":"/Users/cds-dn-181/Documents/boke-github/.superpowers/brainstorm/46941-1776752372/content/visual-style-mix.html"}
{"source":"user-event","type":"click","text":"✓\n      \n        就是这个风格\n        用混合 A+C 作为最终方向","choice":"yes","id":null,"timestamp":1776753821170}
{"type":"screen-added","file":"/Users/cds-dn-181/Documents/boke-github/.superpowers/brainstorm/46941-1776752372/content/architecture.html"}
{"source":"user-event","type":"click","text":"✓\n      \n        架构确认\n        进入详细设计","choice":"approve","id":null,"timestamp":1776754330552}
{"source":"user-event","type":"click","text":"✓\n      \n        架构确认\n        进入详细设计","choice":"approve","id":null,"timestamp":1776754335986}
{"source":"user-event","type":"click","text":"✓\n      \n        架构确认\n        进入详细设计","choice":"approve","id":null,"timestamp":1776754339101}
{"source":"user-event","type":"click","text":"✓\n      \n        架构确认\n        进入详细设计","choice":"approve","id":null,"timestamp":1776754339267}
{"source":"user-event","type":"click","text":"✓\n      \n        架构确认\n        进入详细设计","choice":"approve","id":null,"timestamp":1776754340199}
{"source":"user-event","type":"click","text":"✓\n      \n        架构确认\n        进入详细设计","choice":"approve","id":null,"timestamp":1776754340766}
{"source":"user-event","type":"click","text":"✓\n      \n        架构确认\n        进入详细设计","choice":"approve","id":null,"timestamp":1776754345181}
{"type":"screen-added","file":"/Users/cds-dn-181/Documents/boke-github/.superpowers/brainstorm/46941-1776752372/content/agent-design.html"}
{"type":"screen-added","file":"/Users/cds-dn-181/Documents/boke-github/.superpowers/brainstorm/46941-1776752372/content/agent-design-v2.html"}
{"source":"user-event","type":"click","text":"✓\n      \n        Agent 设计确认\n        进入下一部分：数据模型","choice":"approve","id":null,"timestamp":1776754570892}
{"source":"user-event","type":"click","text":"✓\n      \n        Agent 设计确认\n        进入下一部分：数据模型","choice":"approve","id":null,"timestamp":1776754580022}
{"type":"screen-added","file":"/Users/cds-dn-181/Documents/boke-github/.superpowers/brainstorm/46941-1776752372/content/data-model.html"}
{"source":"user-event","type":"click","text":"✓\n      \n        数据模型确认\n        进入下一部分：前端页面布局","choice":"approve","id":null,"timestamp":1776754646460}
{"type":"screen-added","file":"/Users/cds-dn-181/Documents/boke-github/.superpowers/brainstorm/46941-1776752372/content/pages-layout.html"}
{"source":"user-event","type":"click","text":"✓\n      \n        页面布局确认\n        设计全部确认，开始写设计文档","choice":"approve","id":null,"timestamp":1776754849536}
{"source":"user-event","type":"click","text":"↻\n      \n        需要调整\n        告诉我哪里需要改","choice":"adjust","id":null,"timestamp":1776755648983}
{"source":"user-event","type":"click","text":"✓\n      \n        页面布局确认\n        设计全部确认，开始写设计文档","choice":"approve","id":null,"timestamp":1776755649651}
{"type":"server-stopped","reason":"idle timeout"}
